#########################################################################
30-05-2014 18:53:24 Adresse IP : ::1
30-05-2014 18:53:24 Browser : Mozilla Firefox 29.0 on mac reports: 
Mozilla/5.0 (Macintosh; Intel Mac OS X 10.9; rv:29.0) Gecko/20100101 Firefox/29.0
30-05-2014 18:53:24 Message : traiterChoixMainFormulaire POST['choisie'] : 2 POST['derniere'] : 0
 Code formation : 5BIG
 idEtudiant : 1401468804
#########################################################################
30-05-2014 18:53:24 Adresse IP : ::1
30-05-2014 18:53:24 Browser : Mozilla Firefox 29.0 on mac reports: 
Mozilla/5.0 (Macintosh; Intel Mac OS X 10.9; rv:29.0) Gecko/20100101 Firefox/29.0
30-05-2014 18:53:24 Message : <<< Case main >>>
Code formation : 5BIG
 isCandidature : candidature
#########################################################################
30-05-2014 19:00:38 Adresse IP : ::1
30-05-2014 19:00:38 Browser : Mozilla Firefox 29.0 on mac reports: 
Mozilla/5.0 (Macintosh; Intel Mac OS X 10.9; rv:29.0) Gecko/20100101 Firefox/29.0
30-05-2014 19:00:38 Message : <<< Case main >>>
Code formation : 
 isCandidature : préinscription
#########################################################################
30-05-2014 19:00:38 Adresse IP : ::1
30-05-2014 19:00:38 Browser : Mozilla Firefox 29.0 on mac reports: 
Mozilla/5.0 (Macintosh; Intel Mac OS X 10.9; rv:29.0) Gecko/20100101 Firefox/29.0
30-05-2014 19:00:38 Message : <<< Case main >>>
Code formation : 
 isCandidature : préinscription
#########################################################################
31-05-2014 12:10:24 Adresse IP : ::1
31-05-2014 12:10:24 Browser : Mozilla Firefox 29.0 on mac reports: 
Mozilla/5.0 (Macintosh; Intel Mac OS X 10.9; rv:29.0) Gecko/20100101 Firefox/29.0
31-05-2014 12:10:24 Message : traiterChoixMainFormulaire POST['choisie'] : 2 POST['derniere'] : 0
 Code formation : 5BIG
 idEtudiant : 1401531024
#########################################################################
31-05-2014 12:10:24 Adresse IP : ::1
31-05-2014 12:10:24 Browser : Mozilla Firefox 29.0 on mac reports: 
Mozilla/5.0 (Macintosh; Intel Mac OS X 10.9; rv:29.0) Gecko/20100101 Firefox/29.0
31-05-2014 12:10:24 Message : <<< Case main >>>
Code formation : 5BIG
 isCandidature : candidature
#########################################################################
31-05-2014 12:11:12 Adresse IP : ::1
31-05-2014 12:11:12 Browser : Mozilla Firefox 29.0 on mac reports: 
Mozilla/5.0 (Macintosh; Intel Mac OS X 10.9; rv:29.0) Gecko/20100101 Firefox/29.0
31-05-2014 12:11:12 Message : --------------- BUG SESSION --------------- : 
#########################################################################
31-05-2014 12:11:12 Adresse IP : ::1
31-05-2014 12:11:12 Browser : Mozilla Firefox 29.0 on mac reports: 
Mozilla/5.0 (Macintosh; Intel Mac OS X 10.9; rv:29.0) Gecko/20100101 Firefox/29.0
31-05-2014 12:11:12 Message : <<< Case main >>>
Code formation : 5BIG
 isCandidature : candidature
#########################################################################
31-05-2014 12:11:21 Adresse IP : ::1
31-05-2014 12:11:21 Browser : Mozilla Firefox 29.0 on mac reports: 
Mozilla/5.0 (Macintosh; Intel Mac OS X 10.9; rv:29.0) Gecko/20100101 Firefox/29.0
31-05-2014 12:11:21 Message : --------------- BUG SESSION --------------- : 
#########################################################################
31-05-2014 12:11:22 Adresse IP : ::1
31-05-2014 12:11:22 Browser : Mozilla Firefox 29.0 on mac reports: 
Mozilla/5.0 (Macintosh; Intel Mac OS X 10.9; rv:29.0) Gecko/20100101 Firefox/29.0
31-05-2014 12:11:22 Message : <<< Case main >>>
Code formation : 5BIG
 isCandidature : candidature
#########################################################################
31-05-2014 12:12:11 Adresse IP : ::1
31-05-2014 12:12:11 Browser : Mozilla Firefox 29.0 on mac reports: 
Mozilla/5.0 (Macintosh; Intel Mac OS X 10.9; rv:29.0) Gecko/20100101 Firefox/29.0
31-05-2014 12:12:11 Message : <<< Case main >>>
Code formation : 5BIG
 isCandidature : candidature
#########################################################################
31-05-2014 12:12:36 Adresse IP : ::1
31-05-2014 12:12:36 Browser : Mozilla Firefox 29.0 on mac reports: 
Mozilla/5.0 (Macintosh; Intel Mac OS X 10.9; rv:29.0) Gecko/20100101 Firefox/29.0
31-05-2014 12:12:36 Message : --------------- BUG SESSION --------------- : 
#########################################################################
31-05-2014 12:12:36 Adresse IP : ::1
31-05-2014 12:12:36 Browser : Mozilla Firefox 29.0 on mac reports: 
Mozilla/5.0 (Macintosh; Intel Mac OS X 10.9; rv:29.0) Gecko/20100101 Firefox/29.0
31-05-2014 12:12:36 Message : <<< Case main >>>
Code formation : 5BIG
 isCandidature : candidature
#########################################################################
31-05-2014 12:13:12 Adresse IP : ::1
31-05-2014 12:13:12 Browser : Mozilla Firefox 29.0 on mac reports: 
Mozilla/5.0 (Macintosh; Intel Mac OS X 10.9; rv:29.0) Gecko/20100101 Firefox/29.0
31-05-2014 12:13:12 Message : --------------- BUG SESSION --------------- : 
#########################################################################
31-05-2014 12:13:12 Adresse IP : ::1
31-05-2014 12:13:12 Browser : Mozilla Firefox 29.0 on mac reports: 
Mozilla/5.0 (Macintosh; Intel Mac OS X 10.9; rv:29.0) Gecko/20100101 Firefox/29.0
31-05-2014 12:13:12 Message : <<< Case main >>>
Code formation : 5BIG
 isCandidature : candidature
#########################################################################
31-05-2014 12:14:13 Adresse IP : ::1
31-05-2014 12:14:13 Browser : Mozilla Firefox 29.0 on mac reports: 
Mozilla/5.0 (Macintosh; Intel Mac OS X 10.9; rv:29.0) Gecko/20100101 Firefox/29.0
31-05-2014 12:14:13 Message : <<< Case main >>>
Code formation : 5BIG
 isCandidature : candidature
#########################################################################
31-05-2014 12:14:24 Adresse IP : ::1
31-05-2014 12:14:24 Browser : Mozilla Firefox 29.0 on mac reports: 
Mozilla/5.0 (Macintosh; Intel Mac OS X 10.9; rv:29.0) Gecko/20100101 Firefox/29.0
31-05-2014 12:14:24 Message : traiterChoixMainFormulaire POST['choisie'] : 2 POST['derniere'] : 0
 Code formation : 5BIG
 idEtudiant : 1401531264
#########################################################################
31-05-2014 12:14:24 Adresse IP : ::1
31-05-2014 12:14:24 Browser : Mozilla Firefox 29.0 on mac reports: 
Mozilla/5.0 (Macintosh; Intel Mac OS X 10.9; rv:29.0) Gecko/20100101 Firefox/29.0
31-05-2014 12:14:24 Message : <<< Case main >>>
Code formation : 5BIG
 isCandidature : candidature
#########################################################################
31-05-2014 12:14:47 Adresse IP : ::1
31-05-2014 12:14:47 Browser : Mozilla Firefox 29.0 on mac reports: 
Mozilla/5.0 (Macintosh; Intel Mac OS X 10.9; rv:29.0) Gecko/20100101 Firefox/29.0
31-05-2014 12:14:47 Message : --------------- BUG SESSION --------------- : 
#########################################################################
31-05-2014 12:15:45 Adresse IP : ::1
31-05-2014 12:15:45 Browser : Mozilla Firefox 29.0 on mac reports: 
Mozilla/5.0 (Macintosh; Intel Mac OS X 10.9; rv:29.0) Gecko/20100101 Firefox/29.0
31-05-2014 12:15:45 Message : <<< Case main >>>
Code formation : 5BIG
 isCandidature : candidature
#########################################################################
31-05-2014 12:16:03 Adresse IP : ::1
31-05-2014 12:16:03 Browser : Mozilla Firefox 29.0 on mac reports: 
Mozilla/5.0 (Macintosh; Intel Mac OS X 10.9; rv:29.0) Gecko/20100101 Firefox/29.0
31-05-2014 12:16:03 Message : --------------- BUG SESSION --------------- : 
#########################################################################
31-05-2014 12:21:29 Adresse IP : ::1
31-05-2014 12:21:29 Browser : Mozilla Firefox 29.0 on mac reports: 
Mozilla/5.0 (Macintosh; Intel Mac OS X 10.9; rv:29.0) Gecko/20100101 Firefox/29.0
31-05-2014 12:21:29 Message : <<< Case main >>>
Code formation : 5BIG
 isCandidature : candidature
#########################################################################
31-05-2014 12:22:03 Adresse IP : ::1
31-05-2014 12:22:03 Browser : Mozilla Firefox 29.0 on mac reports: 
Mozilla/5.0 (Macintosh; Intel Mac OS X 10.9; rv:29.0) Gecko/20100101 Firefox/29.0
31-05-2014 12:22:03 Message : --------------- BUG SESSION --------------- : 
#########################################################################
31-05-2014 12:22:49 Adresse IP : ::1
31-05-2014 12:22:49 Browser : Mozilla Firefox 29.0 on mac reports: 
Mozilla/5.0 (Macintosh; Intel Mac OS X 10.9; rv:29.0) Gecko/20100101 Firefox/29.0
31-05-2014 12:22:49 Message : <<< Case main >>>
Code formation : 5BIG
 isCandidature : candidature
#########################################################################
31-05-2014 12:23:53 Adresse IP : ::1
31-05-2014 12:23:53 Browser : Mozilla Firefox 29.0 on mac reports: 
Mozilla/5.0 (Macintosh; Intel Mac OS X 10.9; rv:29.0) Gecko/20100101 Firefox/29.0
31-05-2014 12:23:53 Message : --------------- BUG SESSION --------------- : 
#########################################################################
31-05-2014 16:13:25 Adresse IP : ::1
31-05-2014 16:13:25 Browser : Google Chrome 35.0.1916.114 on mac reports: 
Mozilla/5.0 (Macintosh; Intel Mac OS X 10_9_3) AppleWebKit/537.36 (KHTML, like Gecko) Chrome/35.0.1916.114 Safari/537.36
31-05-2014 16:13:25 Message : traiterChoixMainFormulaire POST['choisie'] : 2 POST['derniere'] : 0
 Code formation : 5BIG
 idEtudiant : 1401545605
#########################################################################
31-05-2014 16:13:25 Adresse IP : ::1
31-05-2014 16:13:25 Browser : Google Chrome 35.0.1916.114 on mac reports: 
Mozilla/5.0 (Macintosh; Intel Mac OS X 10_9_3) AppleWebKit/537.36 (KHTML, like Gecko) Chrome/35.0.1916.114 Safari/537.36
31-05-2014 16:13:25 Message : <<< Case main >>>
Code formation : 5BIG
 isCandidature : candidature
#########################################################################
31-05-2014 16:15:50 Adresse IP : ::1
31-05-2014 16:15:50 Browser : Google Chrome 35.0.1916.114 on mac reports: 
Mozilla/5.0 (Macintosh; Intel Mac OS X 10_9_3) AppleWebKit/537.36 (KHTML, like Gecko) Chrome/35.0.1916.114 Safari/537.36
31-05-2014 16:15:50 Message : <<< Case main >>>
Code formation : 5BIG
 isCandidature : candidature
#########################################################################
31-05-2014 16:17:14 Adresse IP : ::1
31-05-2014 16:17:14 Browser : Google Chrome 35.0.1916.114 on mac reports: 
Mozilla/5.0 (Macintosh; Intel Mac OS X 10_9_3) AppleWebKit/537.36 (KHTML, like Gecko) Chrome/35.0.1916.114 Safari/537.36
31-05-2014 16:17:14 Message : <<< Case main >>>
Code formation : 5BIG
 isCandidature : candidature
#########################################################################
31-05-2014 16:17:37 Adresse IP : ::1
31-05-2014 16:17:37 Browser : Google Chrome 35.0.1916.114 on mac reports: 
Mozilla/5.0 (Macintosh; Intel Mac OS X 10_9_3) AppleWebKit/537.36 (KHTML, like Gecko) Chrome/35.0.1916.114 Safari/537.36
31-05-2014 16:17:37 Message : <<< Case main >>>
Code formation : 5BIG
 isCandidature : candidature
#########################################################################
31-05-2014 16:17:47 Adresse IP : ::1
31-05-2014 16:17:47 Browser : Google Chrome 35.0.1916.114 on mac reports: 
Mozilla/5.0 (Macintosh; Intel Mac OS X 10_9_3) AppleWebKit/537.36 (KHTML, like Gecko) Chrome/35.0.1916.114 Safari/537.36
31-05-2014 16:17:47 Message : <<< Case main >>>
Code formation : 5BIG
 isCandidature : candidature
#########################################################################
31-05-2014 16:18:02 Adresse IP : ::1
31-05-2014 16:18:02 Browser : Google Chrome 35.0.1916.114 on mac reports: 
Mozilla/5.0 (Macintosh; Intel Mac OS X 10_9_3) AppleWebKit/537.36 (KHTML, like Gecko) Chrome/35.0.1916.114 Safari/537.36
31-05-2014 16:18:02 Message : <<< Case main >>>
Code formation : 5BIG
 isCandidature : candidature
#########################################################################
31-05-2014 16:19:05 Adresse IP : ::1
31-05-2014 16:19:05 Browser : Google Chrome 35.0.1916.114 on mac reports: 
Mozilla/5.0 (Macintosh; Intel Mac OS X 10_9_3) AppleWebKit/537.36 (KHTML, like Gecko) Chrome/35.0.1916.114 Safari/537.36
31-05-2014 16:19:05 Message : <<< Case main >>>
Code formation : 5BIG
 isCandidature : candidature
#########################################################################
31-05-2014 16:21:20 Adresse IP : ::1
31-05-2014 16:21:20 Browser : Google Chrome 35.0.1916.114 on mac reports: 
Mozilla/5.0 (Macintosh; Intel Mac OS X 10_9_3) AppleWebKit/537.36 (KHTML, like Gecko) Chrome/35.0.1916.114 Safari/537.36
31-05-2014 16:21:20 Message : <<< Case main >>>
Code formation : 5BIG
 isCandidature : candidature
#########################################################################
31-05-2014 16:21:31 Adresse IP : ::1
31-05-2014 16:21:31 Browser : Google Chrome 35.0.1916.114 on mac reports: 
Mozilla/5.0 (Macintosh; Intel Mac OS X 10_9_3) AppleWebKit/537.36 (KHTML, like Gecko) Chrome/35.0.1916.114 Safari/537.36
31-05-2014 16:21:31 Message : <<< Case main >>>
Code formation : 5BIG
 isCandidature : candidature
#########################################################################
31-05-2014 16:21:43 Adresse IP : ::1
31-05-2014 16:21:43 Browser : Google Chrome 35.0.1916.114 on mac reports: 
Mozilla/5.0 (Macintosh; Intel Mac OS X 10_9_3) AppleWebKit/537.36 (KHTML, like Gecko) Chrome/35.0.1916.114 Safari/537.36
31-05-2014 16:21:43 Message : <<< Case main >>>
Code formation : 5BIG
 isCandidature : candidature
#########################################################################
31-05-2014 16:22:24 Adresse IP : ::1
31-05-2014 16:22:24 Browser : Google Chrome 35.0.1916.114 on mac reports: 
Mozilla/5.0 (Macintosh; Intel Mac OS X 10_9_3) AppleWebKit/537.36 (KHTML, like Gecko) Chrome/35.0.1916.114 Safari/537.36
31-05-2014 16:22:24 Message : --------------- BUG SESSION --------------- : 
#########################################################################
31-05-2014 16:25:08 Adresse IP : ::1
31-05-2014 16:25:08 Browser : Google Chrome 35.0.1916.114 on mac reports: 
Mozilla/5.0 (Macintosh; Intel Mac OS X 10_9_3) AppleWebKit/537.36 (KHTML, like Gecko) Chrome/35.0.1916.114 Safari/537.36
31-05-2014 16:25:08 Message : <<< Case main >>>
Code formation : 5BIG
 isCandidature : candidature
#########################################################################
31-05-2014 16:25:29 Adresse IP : ::1
31-05-2014 16:25:29 Browser : Google Chrome 35.0.1916.114 on mac reports: 
Mozilla/5.0 (Macintosh; Intel Mac OS X 10_9_3) AppleWebKit/537.36 (KHTML, like Gecko) Chrome/35.0.1916.114 Safari/537.36
31-05-2014 16:25:29 Message : --------------- BUG SESSION --------------- : 
#########################################################################
31-05-2014 16:25:39 Adresse IP : ::1
31-05-2014 16:25:39 Browser : Google Chrome 35.0.1916.114 on mac reports: 
Mozilla/5.0 (Macintosh; Intel Mac OS X 10_9_3) AppleWebKit/537.36 (KHTML, like Gecko) Chrome/35.0.1916.114 Safari/537.36
31-05-2014 16:25:39 Message : <<< Case main >>>
Code formation : 5BIG
 isCandidature : candidature
#########################################################################
31-05-2014 16:25:55 Adresse IP : ::1
31-05-2014 16:25:55 Browser : Google Chrome 35.0.1916.114 on mac reports: 
Mozilla/5.0 (Macintosh; Intel Mac OS X 10_9_3) AppleWebKit/537.36 (KHTML, like Gecko) Chrome/35.0.1916.114 Safari/537.36
31-05-2014 16:25:55 Message : --------------- BUG SESSION --------------- : 
#########################################################################
31-05-2014 16:26:02 Adresse IP : ::1
31-05-2014 16:26:02 Browser : Google Chrome 35.0.1916.114 on mac reports: 
Mozilla/5.0 (Macintosh; Intel Mac OS X 10_9_3) AppleWebKit/537.36 (KHTML, like Gecko) Chrome/35.0.1916.114 Safari/537.36
31-05-2014 16:26:02 Message : <<< Case main >>>
Code formation : 5BIG
 isCandidature : candidature
#########################################################################
31-05-2014 16:26:21 Adresse IP : ::1
31-05-2014 16:26:21 Browser : Google Chrome 35.0.1916.114 on mac reports: 
Mozilla/5.0 (Macintosh; Intel Mac OS X 10_9_3) AppleWebKit/537.36 (KHTML, like Gecko) Chrome/35.0.1916.114 Safari/537.36
31-05-2014 16:26:21 Message : --------------- BUG SESSION --------------- : 
#########################################################################
31-05-2014 16:27:54 Adresse IP : ::1
31-05-2014 16:27:54 Browser : Google Chrome 35.0.1916.114 on mac reports: 
Mozilla/5.0 (Macintosh; Intel Mac OS X 10_9_3) AppleWebKit/537.36 (KHTML, like Gecko) Chrome/35.0.1916.114 Safari/537.36
31-05-2014 16:27:54 Message : <<< Case main >>>
Code formation : 5BIG
 isCandidature : candidature
#########################################################################
31-05-2014 16:28:10 Adresse IP : ::1
31-05-2014 16:28:10 Browser : Google Chrome 35.0.1916.114 on mac reports: 
Mozilla/5.0 (Macintosh; Intel Mac OS X 10_9_3) AppleWebKit/537.36 (KHTML, like Gecko) Chrome/35.0.1916.114 Safari/537.36
31-05-2014 16:28:10 Message : --------------- BUG SESSION --------------- : 
#########################################################################
31-05-2014 16:28:16 Adresse IP : ::1
31-05-2014 16:28:16 Browser : Google Chrome 35.0.1916.114 on mac reports: 
Mozilla/5.0 (Macintosh; Intel Mac OS X 10_9_3) AppleWebKit/537.36 (KHTML, like Gecko) Chrome/35.0.1916.114 Safari/537.36
31-05-2014 16:28:16 Message : <<< Case main >>>
Code formation : 5BIG
 isCandidature : candidature
#########################################################################
31-05-2014 16:31:17 Adresse IP : ::1
31-05-2014 16:31:17 Browser : Google Chrome 35.0.1916.114 on mac reports: 
Mozilla/5.0 (Macintosh; Intel Mac OS X 10_9_3) AppleWebKit/537.36 (KHTML, like Gecko) Chrome/35.0.1916.114 Safari/537.36
31-05-2014 16:31:17 Message : traiterChoixMainFormulaire POST['choisie'] : 2 POST['derniere'] : 0
 Code formation : 5BIG
 idEtudiant : 1401546677
#########################################################################
31-05-2014 16:31:17 Adresse IP : ::1
31-05-2014 16:31:17 Browser : Google Chrome 35.0.1916.114 on mac reports: 
Mozilla/5.0 (Macintosh; Intel Mac OS X 10_9_3) AppleWebKit/537.36 (KHTML, like Gecko) Chrome/35.0.1916.114 Safari/537.36
31-05-2014 16:31:17 Message : <<< Case main >>>
Code formation : 5BIG
 isCandidature : candidature
#########################################################################
31-05-2014 16:31:35 Adresse IP : ::1
31-05-2014 16:31:35 Browser : Google Chrome 35.0.1916.114 on mac reports: 
Mozilla/5.0 (Macintosh; Intel Mac OS X 10_9_3) AppleWebKit/537.36 (KHTML, like Gecko) Chrome/35.0.1916.114 Safari/537.36
31-05-2014 16:31:35 Message : traiterChoixMainFormulaire POST['choisie'] : 2 POST['derniere'] : 0
 Code formation : 5BIG
 idEtudiant : 1401546695
#########################################################################
31-05-2014 16:31:35 Adresse IP : ::1
31-05-2014 16:31:35 Browser : Google Chrome 35.0.1916.114 on mac reports: 
Mozilla/5.0 (Macintosh; Intel Mac OS X 10_9_3) AppleWebKit/537.36 (KHTML, like Gecko) Chrome/35.0.1916.114 Safari/537.36
31-05-2014 16:31:35 Message : <<< Case main >>>
Code formation : 5BIG
 isCandidature : candidature
#########################################################################
31-05-2014 16:32:10 Adresse IP : ::1
31-05-2014 16:32:10 Browser : Google Chrome 35.0.1916.114 on mac reports: 
Mozilla/5.0 (Macintosh; Intel Mac OS X 10_9_3) AppleWebKit/537.36 (KHTML, like Gecko) Chrome/35.0.1916.114 Safari/537.36
31-05-2014 16:32:10 Message : traiterChoixMainFormulaire POST['choisie'] : 2 POST['derniere'] : 0
 Code formation : 5BIG
 idEtudiant : 1401546730
#########################################################################
31-05-2014 16:32:10 Adresse IP : ::1
31-05-2014 16:32:10 Browser : Google Chrome 35.0.1916.114 on mac reports: 
Mozilla/5.0 (Macintosh; Intel Mac OS X 10_9_3) AppleWebKit/537.36 (KHTML, like Gecko) Chrome/35.0.1916.114 Safari/537.36
31-05-2014 16:32:10 Message : <<< Case main >>>
Code formation : 5BIG
 isCandidature : candidature
#########################################################################
31-05-2014 16:40:04 Adresse IP : ::1
31-05-2014 16:40:04 Browser : Google Chrome 35.0.1916.114 on mac reports: 
Mozilla/5.0 (Macintosh; Intel Mac OS X 10_9_3) AppleWebKit/537.36 (KHTML, like Gecko) Chrome/35.0.1916.114 Safari/537.36
31-05-2014 16:40:04 Message : <<< Case main >>>
Code formation : 5BIG
 isCandidature : candidature
#########################################################################
31-05-2014 16:40:11 Adresse IP : ::1
31-05-2014 16:40:11 Browser : Google Chrome 35.0.1916.114 on mac reports: 
Mozilla/5.0 (Macintosh; Intel Mac OS X 10_9_3) AppleWebKit/537.36 (KHTML, like Gecko) Chrome/35.0.1916.114 Safari/537.36
31-05-2014 16:40:11 Message : <<< Case main >>>
Code formation : 
 isCandidature : préinscription
#########################################################################
31-05-2014 16:40:36 Adresse IP : ::1
31-05-2014 16:40:36 Browser : Google Chrome 35.0.1916.114 on mac reports: 
Mozilla/5.0 (Macintosh; Intel Mac OS X 10_9_3) AppleWebKit/537.36 (KHTML, like Gecko) Chrome/35.0.1916.114 Safari/537.36
31-05-2014 16:40:36 Message : traiterChoixMainFormulaire POST['choisie'] : 2 POST['derniere'] : 0
 Code formation : 5BIG
 idEtudiant : 1401547236
#########################################################################
31-05-2014 16:40:36 Adresse IP : ::1
31-05-2014 16:40:36 Browser : Google Chrome 35.0.1916.114 on mac reports: 
Mozilla/5.0 (Macintosh; Intel Mac OS X 10_9_3) AppleWebKit/537.36 (KHTML, like Gecko) Chrome/35.0.1916.114 Safari/537.36
31-05-2014 16:40:36 Message : <<< Case main >>>
Code formation : 5BIG
 isCandidature : candidature
#########################################################################
31-05-2014 16:40:42 Adresse IP : ::1
31-05-2014 16:40:42 Browser : Google Chrome 35.0.1916.114 on mac reports: 
Mozilla/5.0 (Macintosh; Intel Mac OS X 10_9_3) AppleWebKit/537.36 (KHTML, like Gecko) Chrome/35.0.1916.114 Safari/537.36
31-05-2014 16:40:42 Message : <<< Case main >>>
Code formation : 
 isCandidature : préinscription
#########################################################################
31-05-2014 16:41:09 Adresse IP : ::1
31-05-2014 16:41:09 Browser : Google Chrome 35.0.1916.114 on mac reports: 
Mozilla/5.0 (Macintosh; Intel Mac OS X 10_9_3) AppleWebKit/537.36 (KHTML, like Gecko) Chrome/35.0.1916.114 Safari/537.36
31-05-2014 16:41:09 Message : traiterChoixMainFormulaire POST['choisie'] : 2 POST['derniere'] : 0
 Code formation : 5BIG
 idEtudiant : 1401547269
#########################################################################
31-05-2014 16:41:09 Adresse IP : ::1
31-05-2014 16:41:09 Browser : Google Chrome 35.0.1916.114 on mac reports: 
Mozilla/5.0 (Macintosh; Intel Mac OS X 10_9_3) AppleWebKit/537.36 (KHTML, like Gecko) Chrome/35.0.1916.114 Safari/537.36
31-05-2014 16:41:09 Message : <<< Case main >>>
Code formation : 5BIG
 isCandidature : candidature
#########################################################################
31-05-2014 16:41:11 Adresse IP : ::1
31-05-2014 16:41:11 Browser : Google Chrome 35.0.1916.114 on mac reports: 
Mozilla/5.0 (Macintosh; Intel Mac OS X 10_9_3) AppleWebKit/537.36 (KHTML, like Gecko) Chrome/35.0.1916.114 Safari/537.36
31-05-2014 16:41:11 Message : <<< Case main >>>
Code formation : 5BIG
 isCandidature : candidature
#########################################################################
31-05-2014 16:41:15 Adresse IP : ::1
31-05-2014 16:41:15 Browser : Google Chrome 35.0.1916.114 on mac reports: 
Mozilla/5.0 (Macintosh; Intel Mac OS X 10_9_3) AppleWebKit/537.36 (KHTML, like Gecko) Chrome/35.0.1916.114 Safari/537.36
31-05-2014 16:41:15 Message : <<< Case main >>>
Code formation : 
 isCandidature : préinscription
#########################################################################
31-05-2014 16:43:21 Adresse IP : ::1
31-05-2014 16:43:21 Browser : Google Chrome 35.0.1916.114 on mac reports: 
Mozilla/5.0 (Macintosh; Intel Mac OS X 10_9_3) AppleWebKit/537.36 (KHTML, like Gecko) Chrome/35.0.1916.114 Safari/537.36
31-05-2014 16:43:21 Message : traiterChoixMainFormulaire POST['choisie'] : 2 POST['derniere'] : 0
 Code formation : 5BIG
 idEtudiant : 1401547401
#########################################################################
31-05-2014 16:43:21 Adresse IP : ::1
31-05-2014 16:43:21 Browser : Google Chrome 35.0.1916.114 on mac reports: 
Mozilla/5.0 (Macintosh; Intel Mac OS X 10_9_3) AppleWebKit/537.36 (KHTML, like Gecko) Chrome/35.0.1916.114 Safari/537.36
31-05-2014 16:43:21 Message : <<< Case main >>>
Code formation : 5BIG
 isCandidature : candidature
#########################################################################
31-05-2014 16:43:23 Adresse IP : ::1
31-05-2014 16:43:23 Browser : Google Chrome 35.0.1916.114 on mac reports: 
Mozilla/5.0 (Macintosh; Intel Mac OS X 10_9_3) AppleWebKit/537.36 (KHTML, like Gecko) Chrome/35.0.1916.114 Safari/537.36
31-05-2014 16:43:23 Message : <<< Case main >>>
Code formation : 5BIG
 isCandidature : candidature
#########################################################################
31-05-2014 16:43:27 Adresse IP : ::1
31-05-2014 16:43:27 Browser : Google Chrome 35.0.1916.114 on mac reports: 
Mozilla/5.0 (Macintosh; Intel Mac OS X 10_9_3) AppleWebKit/537.36 (KHTML, like Gecko) Chrome/35.0.1916.114 Safari/537.36
31-05-2014 16:43:27 Message : <<< Case main >>>
Code formation : 
 isCandidature : préinscription
#########################################################################
31-05-2014 16:44:08 Adresse IP : ::1
31-05-2014 16:44:08 Browser : Google Chrome 35.0.1916.114 on mac reports: 
Mozilla/5.0 (Macintosh; Intel Mac OS X 10_9_3) AppleWebKit/537.36 (KHTML, like Gecko) Chrome/35.0.1916.114 Safari/537.36
31-05-2014 16:44:08 Message : traiterChoixMainFormulaire POST['choisie'] : 2 POST['derniere'] : 0
 Code formation : 5BIG
 idEtudiant : 1401547448
#########################################################################
31-05-2014 16:44:08 Adresse IP : ::1
31-05-2014 16:44:08 Browser : Google Chrome 35.0.1916.114 on mac reports: 
Mozilla/5.0 (Macintosh; Intel Mac OS X 10_9_3) AppleWebKit/537.36 (KHTML, like Gecko) Chrome/35.0.1916.114 Safari/537.36
31-05-2014 16:44:08 Message : <<< Case main >>>
Code formation : 5BIG
 isCandidature : candidature
#########################################################################
31-05-2014 16:44:10 Adresse IP : ::1
31-05-2014 16:44:10 Browser : Google Chrome 35.0.1916.114 on mac reports: 
Mozilla/5.0 (Macintosh; Intel Mac OS X 10_9_3) AppleWebKit/537.36 (KHTML, like Gecko) Chrome/35.0.1916.114 Safari/537.36
31-05-2014 16:44:10 Message : <<< Case main >>>
Code formation : 5BIG
 isCandidature : candidature
#########################################################################
31-05-2014 16:44:15 Adresse IP : ::1
31-05-2014 16:44:15 Browser : Google Chrome 35.0.1916.114 on mac reports: 
Mozilla/5.0 (Macintosh; Intel Mac OS X 10_9_3) AppleWebKit/537.36 (KHTML, like Gecko) Chrome/35.0.1916.114 Safari/537.36
31-05-2014 16:44:15 Message : <<< Case main >>>
Code formation : 5BIG
 isCandidature : candidature
#########################################################################
31-05-2014 16:47:04 Adresse IP : ::1
31-05-2014 16:47:04 Browser : Google Chrome 35.0.1916.114 on mac reports: 
Mozilla/5.0 (Macintosh; Intel Mac OS X 10_9_3) AppleWebKit/537.36 (KHTML, like Gecko) Chrome/35.0.1916.114 Safari/537.36
31-05-2014 16:47:04 Message : traiterChoixMainFormulaire POST['choisie'] : 2 POST['derniere'] : 0
 Code formation : 5BIG
 idEtudiant : 1401547624
#########################################################################
31-05-2014 16:47:04 Adresse IP : ::1
31-05-2014 16:47:04 Browser : Google Chrome 35.0.1916.114 on mac reports: 
Mozilla/5.0 (Macintosh; Intel Mac OS X 10_9_3) AppleWebKit/537.36 (KHTML, like Gecko) Chrome/35.0.1916.114 Safari/537.36
31-05-2014 16:47:04 Message : <<< Case main >>>
Code formation : 5BIG
 isCandidature : candidature
#########################################################################
31-05-2014 16:47:05 Adresse IP : ::1
31-05-2014 16:47:05 Browser : Google Chrome 35.0.1916.114 on mac reports: 
Mozilla/5.0 (Macintosh; Intel Mac OS X 10_9_3) AppleWebKit/537.36 (KHTML, like Gecko) Chrome/35.0.1916.114 Safari/537.36
31-05-2014 16:47:05 Message : <<< Case main >>>
Code formation : 5BIG
 isCandidature : candidature
#########################################################################
31-05-2014 16:47:40 Adresse IP : ::1
31-05-2014 16:47:40 Browser : Google Chrome 35.0.1916.114 on mac reports: 
Mozilla/5.0 (Macintosh; Intel Mac OS X 10_9_3) AppleWebKit/537.36 (KHTML, like Gecko) Chrome/35.0.1916.114 Safari/537.36
31-05-2014 16:47:40 Message : traiterChoixMainFormulaire POST['choisie'] : 2 POST['derniere'] : 0
 Code formation : 5BIG
 idEtudiant : 1401547660
#########################################################################
31-05-2014 16:47:40 Adresse IP : ::1
31-05-2014 16:47:40 Browser : Google Chrome 35.0.1916.114 on mac reports: 
Mozilla/5.0 (Macintosh; Intel Mac OS X 10_9_3) AppleWebKit/537.36 (KHTML, like Gecko) Chrome/35.0.1916.114 Safari/537.36
31-05-2014 16:47:40 Message : <<< Case main >>>
Code formation : 5BIG
 isCandidature : candidature
#########################################################################
31-05-2014 16:47:42 Adresse IP : ::1
31-05-2014 16:47:42 Browser : Google Chrome 35.0.1916.114 on mac reports: 
Mozilla/5.0 (Macintosh; Intel Mac OS X 10_9_3) AppleWebKit/537.36 (KHTML, like Gecko) Chrome/35.0.1916.114 Safari/537.36
31-05-2014 16:47:42 Message : <<< Case main >>>
Code formation : 5BIG
 isCandidature : candidature
#########################################################################
31-05-2014 16:47:49 Adresse IP : ::1
31-05-2014 16:47:49 Browser : Google Chrome 35.0.1916.114 on mac reports: 
Mozilla/5.0 (Macintosh; Intel Mac OS X 10_9_3) AppleWebKit/537.36 (KHTML, like Gecko) Chrome/35.0.1916.114 Safari/537.36
31-05-2014 16:47:49 Message : <<< Case main >>>
Code formation : 
 isCandidature : préinscription
#########################################################################
31-05-2014 16:48:04 Adresse IP : ::1
31-05-2014 16:48:04 Browser : Google Chrome 35.0.1916.114 on mac reports: 
Mozilla/5.0 (Macintosh; Intel Mac OS X 10_9_3) AppleWebKit/537.36 (KHTML, like Gecko) Chrome/35.0.1916.114 Safari/537.36
31-05-2014 16:48:04 Message : <<< Case main >>>
Code formation : 
 isCandidature : préinscription
#########################################################################
31-05-2014 16:48:05 Adresse IP : ::1
31-05-2014 16:48:05 Browser : Google Chrome 35.0.1916.114 on mac reports: 
Mozilla/5.0 (Macintosh; Intel Mac OS X 10_9_3) AppleWebKit/537.36 (KHTML, like Gecko) Chrome/35.0.1916.114 Safari/537.36
31-05-2014 16:48:05 Message : <<< Case main >>>
Code formation : 
 isCandidature : préinscription
#########################################################################
31-05-2014 16:48:21 Adresse IP : ::1
31-05-2014 16:48:21 Browser : Google Chrome 35.0.1916.114 on mac reports: 
Mozilla/5.0 (Macintosh; Intel Mac OS X 10_9_3) AppleWebKit/537.36 (KHTML, like Gecko) Chrome/35.0.1916.114 Safari/537.36
31-05-2014 16:48:21 Message : traiterChoixMainFormulaire POST['choisie'] : 2 POST['derniere'] : 0
 Code formation : 5BIG
 idEtudiant : 1401547701
#########################################################################
31-05-2014 16:48:21 Adresse IP : ::1
31-05-2014 16:48:21 Browser : Google Chrome 35.0.1916.114 on mac reports: 
Mozilla/5.0 (Macintosh; Intel Mac OS X 10_9_3) AppleWebKit/537.36 (KHTML, like Gecko) Chrome/35.0.1916.114 Safari/537.36
31-05-2014 16:48:21 Message : <<< Case main >>>
Code formation : 5BIG
 isCandidature : candidature
#########################################################################
31-05-2014 16:48:23 Adresse IP : ::1
31-05-2014 16:48:23 Browser : Google Chrome 35.0.1916.114 on mac reports: 
Mozilla/5.0 (Macintosh; Intel Mac OS X 10_9_3) AppleWebKit/537.36 (KHTML, like Gecko) Chrome/35.0.1916.114 Safari/537.36
31-05-2014 16:48:23 Message : <<< Case main >>>
Code formation : 5BIG
 isCandidature : candidature
#########################################################################
31-05-2014 16:48:50 Adresse IP : ::1
31-05-2014 16:48:50 Browser : Google Chrome 35.0.1916.114 on mac reports: 
Mozilla/5.0 (Macintosh; Intel Mac OS X 10_9_3) AppleWebKit/537.36 (KHTML, like Gecko) Chrome/35.0.1916.114 Safari/537.36
31-05-2014 16:48:50 Message : traiterChoixMainFormulaire POST['choisie'] : 2 POST['derniere'] : 0
 Code formation : 5BIG
 idEtudiant : 1401547730
#########################################################################
31-05-2014 16:48:50 Adresse IP : ::1
31-05-2014 16:48:50 Browser : Google Chrome 35.0.1916.114 on mac reports: 
Mozilla/5.0 (Macintosh; Intel Mac OS X 10_9_3) AppleWebKit/537.36 (KHTML, like Gecko) Chrome/35.0.1916.114 Safari/537.36
31-05-2014 16:48:50 Message : <<< Case main >>>
Code formation : 5BIG
 isCandidature : candidature
#########################################################################
31-05-2014 16:48:51 Adresse IP : ::1
31-05-2014 16:48:51 Browser : Google Chrome 35.0.1916.114 on mac reports: 
Mozilla/5.0 (Macintosh; Intel Mac OS X 10_9_3) AppleWebKit/537.36 (KHTML, like Gecko) Chrome/35.0.1916.114 Safari/537.36
31-05-2014 16:48:51 Message : <<< Case main >>>
Code formation : 5BIG
 isCandidature : candidature
#########################################################################
31-05-2014 16:48:58 Adresse IP : ::1
31-05-2014 16:48:58 Browser : Google Chrome 35.0.1916.114 on mac reports: 
Mozilla/5.0 (Macintosh; Intel Mac OS X 10_9_3) AppleWebKit/537.36 (KHTML, like Gecko) Chrome/35.0.1916.114 Safari/537.36
31-05-2014 16:48:58 Message : <<< Case main >>>
Code formation : 
 isCandidature : préinscription
#########################################################################
31-05-2014 16:49:22 Adresse IP : ::1
31-05-2014 16:49:22 Browser : Google Chrome 35.0.1916.114 on mac reports: 
Mozilla/5.0 (Macintosh; Intel Mac OS X 10_9_3) AppleWebKit/537.36 (KHTML, like Gecko) Chrome/35.0.1916.114 Safari/537.36
31-05-2014 16:49:22 Message : <<< Case main >>>
Code formation : 
 isCandidature : préinscription
#########################################################################
31-05-2014 16:49:23 Adresse IP : ::1
31-05-2014 16:49:23 Browser : Google Chrome 35.0.1916.114 on mac reports: 
Mozilla/5.0 (Macintosh; Intel Mac OS X 10_9_3) AppleWebKit/537.36 (KHTML, like Gecko) Chrome/35.0.1916.114 Safari/537.36
31-05-2014 16:49:23 Message : <<< Case main >>>
Code formation : 
 isCandidature : préinscription
#########################################################################
31-05-2014 16:49:32 Adresse IP : ::1
31-05-2014 16:49:32 Browser : Google Chrome 35.0.1916.114 on mac reports: 
Mozilla/5.0 (Macintosh; Intel Mac OS X 10_9_3) AppleWebKit/537.36 (KHTML, like Gecko) Chrome/35.0.1916.114 Safari/537.36
31-05-2014 16:49:32 Message : traiterChoixMainFormulaire POST['choisie'] : 2 POST['derniere'] : 0
 Code formation : 5BIG
 idEtudiant : 1401547772
#########################################################################
31-05-2014 16:49:32 Adresse IP : ::1
31-05-2014 16:49:32 Browser : Google Chrome 35.0.1916.114 on mac reports: 
Mozilla/5.0 (Macintosh; Intel Mac OS X 10_9_3) AppleWebKit/537.36 (KHTML, like Gecko) Chrome/35.0.1916.114 Safari/537.36
31-05-2014 16:49:32 Message : <<< Case main >>>
Code formation : 5BIG
 isCandidature : candidature
#########################################################################
31-05-2014 16:49:34 Adresse IP : ::1
31-05-2014 16:49:34 Browser : Google Chrome 35.0.1916.114 on mac reports: 
Mozilla/5.0 (Macintosh; Intel Mac OS X 10_9_3) AppleWebKit/537.36 (KHTML, like Gecko) Chrome/35.0.1916.114 Safari/537.36
31-05-2014 16:49:34 Message : <<< Case main >>>
Code formation : 5BIG
 isCandidature : candidature
#########################################################################
31-05-2014 16:49:40 Adresse IP : ::1
31-05-2014 16:49:40 Browser : Google Chrome 35.0.1916.114 on mac reports: 
Mozilla/5.0 (Macintosh; Intel Mac OS X 10_9_3) AppleWebKit/537.36 (KHTML, like Gecko) Chrome/35.0.1916.114 Safari/537.36
31-05-2014 16:49:40 Message : <<< Case main >>>
Code formation : 
 isCandidature : préinscription
#########################################################################
31-05-2014 16:49:58 Adresse IP : ::1
31-05-2014 16:49:58 Browser : Google Chrome 35.0.1916.114 on mac reports: 
Mozilla/5.0 (Macintosh; Intel Mac OS X 10_9_3) AppleWebKit/537.36 (KHTML, like Gecko) Chrome/35.0.1916.114 Safari/537.36
31-05-2014 16:49:58 Message : traiterChoixMainFormulaire POST['choisie'] : 2 POST['derniere'] : 0
 Code formation : 5BIG
 idEtudiant : 1401547798
#########################################################################
31-05-2014 16:49:58 Adresse IP : ::1
31-05-2014 16:49:58 Browser : Google Chrome 35.0.1916.114 on mac reports: 
Mozilla/5.0 (Macintosh; Intel Mac OS X 10_9_3) AppleWebKit/537.36 (KHTML, like Gecko) Chrome/35.0.1916.114 Safari/537.36
31-05-2014 16:49:58 Message : <<< Case main >>>
Code formation : 5BIG
 isCandidature : candidature
#########################################################################
31-05-2014 16:50:00 Adresse IP : ::1
31-05-2014 16:50:00 Browser : Google Chrome 35.0.1916.114 on mac reports: 
Mozilla/5.0 (Macintosh; Intel Mac OS X 10_9_3) AppleWebKit/537.36 (KHTML, like Gecko) Chrome/35.0.1916.114 Safari/537.36
31-05-2014 16:50:00 Message : <<< Case main >>>
Code formation : 5BIG
 isCandidature : candidature
#########################################################################
31-05-2014 16:50:06 Adresse IP : ::1
31-05-2014 16:50:06 Browser : Google Chrome 35.0.1916.114 on mac reports: 
Mozilla/5.0 (Macintosh; Intel Mac OS X 10_9_3) AppleWebKit/537.36 (KHTML, like Gecko) Chrome/35.0.1916.114 Safari/537.36
31-05-2014 16:50:06 Message : <<< Case main >>>
Code formation : 
 isCandidature : préinscription
#########################################################################
31-05-2014 16:51:07 Adresse IP : ::1
31-05-2014 16:51:07 Browser : Google Chrome 35.0.1916.114 on mac reports: 
Mozilla/5.0 (Macintosh; Intel Mac OS X 10_9_3) AppleWebKit/537.36 (KHTML, like Gecko) Chrome/35.0.1916.114 Safari/537.36
31-05-2014 16:51:07 Message : <<< Case main >>>
Code formation : 
 isCandidature : préinscription
#########################################################################
31-05-2014 16:51:08 Adresse IP : ::1
31-05-2014 16:51:08 Browser : Google Chrome 35.0.1916.114 on mac reports: 
Mozilla/5.0 (Macintosh; Intel Mac OS X 10_9_3) AppleWebKit/537.36 (KHTML, like Gecko) Chrome/35.0.1916.114 Safari/537.36
31-05-2014 16:51:08 Message : <<< Case main >>>
Code formation : 
 isCandidature : préinscription
#########################################################################
31-05-2014 16:51:21 Adresse IP : ::1
31-05-2014 16:51:21 Browser : Google Chrome 35.0.1916.114 on mac reports: 
Mozilla/5.0 (Macintosh; Intel Mac OS X 10_9_3) AppleWebKit/537.36 (KHTML, like Gecko) Chrome/35.0.1916.114 Safari/537.36
31-05-2014 16:51:21 Message : traiterChoixMainFormulaire POST['choisie'] : 2 POST['derniere'] : 0
 Code formation : 5BIG
 idEtudiant : 1401547881
#########################################################################
31-05-2014 16:51:22 Adresse IP : ::1
31-05-2014 16:51:22 Browser : Google Chrome 35.0.1916.114 on mac reports: 
Mozilla/5.0 (Macintosh; Intel Mac OS X 10_9_3) AppleWebKit/537.36 (KHTML, like Gecko) Chrome/35.0.1916.114 Safari/537.36
31-05-2014 16:51:22 Message : <<< Case main >>>
Code formation : 5BIG
 isCandidature : candidature
#########################################################################
31-05-2014 16:51:23 Adresse IP : ::1
31-05-2014 16:51:23 Browser : Google Chrome 35.0.1916.114 on mac reports: 
Mozilla/5.0 (Macintosh; Intel Mac OS X 10_9_3) AppleWebKit/537.36 (KHTML, like Gecko) Chrome/35.0.1916.114 Safari/537.36
31-05-2014 16:51:23 Message : <<< Case main >>>
Code formation : 5BIG
 isCandidature : candidature
#########################################################################
31-05-2014 16:51:30 Adresse IP : ::1
31-05-2014 16:51:30 Browser : Google Chrome 35.0.1916.114 on mac reports: 
Mozilla/5.0 (Macintosh; Intel Mac OS X 10_9_3) AppleWebKit/537.36 (KHTML, like Gecko) Chrome/35.0.1916.114 Safari/537.36
31-05-2014 16:51:30 Message : <<< Case main >>>
Code formation : 
 isCandidature : préinscription
#########################################################################
31-05-2014 16:52:36 Adresse IP : ::1
31-05-2014 16:52:36 Browser : Google Chrome 35.0.1916.114 on mac reports: 
Mozilla/5.0 (Macintosh; Intel Mac OS X 10_9_3) AppleWebKit/537.36 (KHTML, like Gecko) Chrome/35.0.1916.114 Safari/537.36
31-05-2014 16:52:36 Message : traiterChoixMainFormulaire POST['choisie'] : 2 POST['derniere'] : 0
 Code formation : 5BIG
 idEtudiant : 1401547956
#########################################################################
31-05-2014 16:52:36 Adresse IP : ::1
31-05-2014 16:52:36 Browser : Google Chrome 35.0.1916.114 on mac reports: 
Mozilla/5.0 (Macintosh; Intel Mac OS X 10_9_3) AppleWebKit/537.36 (KHTML, like Gecko) Chrome/35.0.1916.114 Safari/537.36
31-05-2014 16:52:36 Message : <<< Case main >>>
Code formation : 5BIG
 isCandidature : candidature
#########################################################################
31-05-2014 16:52:36 Adresse IP : ::1
31-05-2014 16:52:36 Browser : Google Chrome 35.0.1916.114 on mac reports: 
Mozilla/5.0 (Macintosh; Intel Mac OS X 10_9_3) AppleWebKit/537.36 (KHTML, like Gecko) Chrome/35.0.1916.114 Safari/537.36
31-05-2014 16:52:36 Message : traiterChoixMainFormulaire POST['choisie'] : 2 POST['derniere'] : 0
 Code formation : 5BIG
 idEtudiant : 1401547956
#########################################################################
31-05-2014 16:52:37 Adresse IP : ::1
31-05-2014 16:52:37 Browser : Google Chrome 35.0.1916.114 on mac reports: 
Mozilla/5.0 (Macintosh; Intel Mac OS X 10_9_3) AppleWebKit/537.36 (KHTML, like Gecko) Chrome/35.0.1916.114 Safari/537.36
31-05-2014 16:52:37 Message : <<< Case main >>>
Code formation : 5BIG
 isCandidature : candidature
#########################################################################
31-05-2014 16:52:38 Adresse IP : ::1
31-05-2014 16:52:38 Browser : Google Chrome 35.0.1916.114 on mac reports: 
Mozilla/5.0 (Macintosh; Intel Mac OS X 10_9_3) AppleWebKit/537.36 (KHTML, like Gecko) Chrome/35.0.1916.114 Safari/537.36
31-05-2014 16:52:38 Message : <<< Case main >>>
Code formation : 5BIG
 isCandidature : candidature
#########################################################################
31-05-2014 16:53:54 Adresse IP : ::1
31-05-2014 16:53:54 Browser : Google Chrome 35.0.1916.114 on mac reports: 
Mozilla/5.0 (Macintosh; Intel Mac OS X 10_9_3) AppleWebKit/537.36 (KHTML, like Gecko) Chrome/35.0.1916.114 Safari/537.36
31-05-2014 16:53:54 Message : traiterChoixMainFormulaire POST['choisie'] : 2 POST['derniere'] : 0
 Code formation : 5BIG
 idEtudiant : 1401548034
#########################################################################
31-05-2014 16:53:54 Adresse IP : ::1
31-05-2014 16:53:54 Browser : Google Chrome 35.0.1916.114 on mac reports: 
Mozilla/5.0 (Macintosh; Intel Mac OS X 10_9_3) AppleWebKit/537.36 (KHTML, like Gecko) Chrome/35.0.1916.114 Safari/537.36
31-05-2014 16:53:54 Message : <<< Case main >>>
Code formation : 5BIG
 isCandidature : candidature
#########################################################################
31-05-2014 16:53:56 Adresse IP : ::1
31-05-2014 16:53:56 Browser : Google Chrome 35.0.1916.114 on mac reports: 
Mozilla/5.0 (Macintosh; Intel Mac OS X 10_9_3) AppleWebKit/537.36 (KHTML, like Gecko) Chrome/35.0.1916.114 Safari/537.36
31-05-2014 16:53:56 Message : <<< Case main >>>
Code formation : 5BIG
 isCandidature : candidature
#########################################################################
31-05-2014 16:54:18 Adresse IP : ::1
31-05-2014 16:54:18 Browser : Google Chrome 35.0.1916.114 on mac reports: 
Mozilla/5.0 (Macintosh; Intel Mac OS X 10_9_3) AppleWebKit/537.36 (KHTML, like Gecko) Chrome/35.0.1916.114 Safari/537.36
31-05-2014 16:54:18 Message : --------------- BUG SESSION --------------- : 
#########################################################################
31-05-2014 16:55:55 Adresse IP : ::1
31-05-2014 16:55:55 Browser : Google Chrome 35.0.1916.114 on mac reports: 
Mozilla/5.0 (Macintosh; Intel Mac OS X 10_9_3) AppleWebKit/537.36 (KHTML, like Gecko) Chrome/35.0.1916.114 Safari/537.36
31-05-2014 16:55:55 Message : traiterChoixMainFormulaire POST['choisie'] : 2 POST['derniere'] : 0
 Code formation : 5BIG
 idEtudiant : 1401548155
#########################################################################
31-05-2014 16:55:56 Adresse IP : ::1
31-05-2014 16:55:56 Browser : Google Chrome 35.0.1916.114 on mac reports: 
Mozilla/5.0 (Macintosh; Intel Mac OS X 10_9_3) AppleWebKit/537.36 (KHTML, like Gecko) Chrome/35.0.1916.114 Safari/537.36
31-05-2014 16:55:56 Message : <<< Case main >>>
Code formation : 5BIG
 isCandidature : candidature
#########################################################################
31-05-2014 16:55:57 Adresse IP : ::1
31-05-2014 16:55:57 Browser : Google Chrome 35.0.1916.114 on mac reports: 
Mozilla/5.0 (Macintosh; Intel Mac OS X 10_9_3) AppleWebKit/537.36 (KHTML, like Gecko) Chrome/35.0.1916.114 Safari/537.36
31-05-2014 16:55:57 Message : <<< Case main >>>
Code formation : 5BIG
 isCandidature : candidature
******************************************************************************************
31-05-2014 16:56:17 Nom du répertoire : Dupont-Jean-1401548155
31-05-2014 16:56:17 Adresse IP : ::1
31-05-2014 16:56:17 Code formation : 5BIG
31-05-2014 16:56:17 Type dossier : Candidatures
31-05-2014 16:56:17 Browser : Google Chrome 35.0.1916.114 on mac reports: 
Mozilla/5.0 (Macintosh; Intel Mac OS X 10_9_3) AppleWebKit/537.36 (KHTML, like Gecko) Chrome/35.0.1916.114 Safari/537.36
31-05-2014 16:56:17 Message : --------------- BEGIN --------------- : dossiers/5BIG/BIG400/Candidatures/Dupont-Jean-1401548155
******************************************************************************************
31-05-2014 16:56:17 Nom du répertoire : Dupont-Jean-1401548155
31-05-2014 16:56:17 Adresse IP : ::1
31-05-2014 16:56:17 Code formation : 5BIG
31-05-2014 16:56:17 Type dossier : Candidatures
31-05-2014 16:56:17 Browser : Google Chrome 35.0.1916.114 on mac reports: 
Mozilla/5.0 (Macintosh; Intel Mac OS X 10_9_3) AppleWebKit/537.36 (KHTML, like Gecko) Chrome/35.0.1916.114 Safari/537.36
31-05-2014 16:56:17 Message : Création du répertoire étudiant : dossiers/5BIG/BIG400/Candidatures/Dupont-Jean-1401548155
******************************************************************************************
31-05-2014 16:56:17 Nom du répertoire : none
31-05-2014 16:56:17 Adresse IP : ::1
31-05-2014 16:56:17 Code formation : none
31-05-2014 16:56:17 Type dossier : none
31-05-2014 16:56:17 Browser : Google Chrome 35.0.1916.114 on mac reports: 
Mozilla/5.0 (Macintosh; Intel Mac OS X 10_9_3) AppleWebKit/537.36 (KHTML, like Gecko) Chrome/35.0.1916.114 Safari/537.36
31-05-2014 16:56:17 Message : Upload simple réussi
#########################################################################
31-05-2014 16:56:18 Adresse IP : ::1
31-05-2014 16:56:18 Browser : Google Chrome 35.0.1916.114 on mac reports: 
Mozilla/5.0 (Macintosh; Intel Mac OS X 10_9_3) AppleWebKit/537.36 (KHTML, like Gecko) Chrome/35.0.1916.114 Safari/537.36
31-05-2014 16:56:18 Message : traiterMainFormulaire
Email : measkevin@gmail.com
 Nom : Dupont
Prenom : Jean
******************************************************************************************
31-05-2014 16:56:28 Nom du répertoire : Dupont-Jean-1401548155
31-05-2014 16:56:28 Adresse IP : ::1
31-05-2014 16:56:28 Code formation : 5BIG
31-05-2014 16:56:28 Type dossier : Candidature
31-05-2014 16:56:28 Browser : Google Chrome 35.0.1916.114 on mac reports: 
Mozilla/5.0 (Macintosh; Intel Mac OS X 10_9_3) AppleWebKit/537.36 (KHTML, like Gecko) Chrome/35.0.1916.114 Safari/537.36
31-05-2014 16:56:28 Message : Création du dossier PDF OK
******************************************************************************************
31-05-2014 16:56:28 Nom du répertoire : Dupont-Jean-1401548155
31-05-2014 16:56:28 Adresse IP : ::1
31-05-2014 16:56:28 Code formation : 5BIG
31-05-2014 16:56:28 Type dossier : Candidature
31-05-2014 16:56:28 Browser : Google Chrome 35.0.1916.114 on mac reports: 
Mozilla/5.0 (Macintosh; Intel Mac OS X 10_9_3) AppleWebKit/537.36 (KHTML, like Gecko) Chrome/35.0.1916.114 Safari/537.36
31-05-2014 16:56:28 Message : Upload des documents dans tous les codes étapes OK
******************************************************************************************
31-05-2014 16:56:28 Nom du répertoire : Dupont-Jean-1401548155
31-05-2014 16:56:28 Adresse IP : ::1
31-05-2014 16:56:28 Code formation : 5BIG
31-05-2014 16:56:28 Type dossier : Candidature
31-05-2014 16:56:28 Browser : Google Chrome 35.0.1916.114 on mac reports: 
Mozilla/5.0 (Macintosh; Intel Mac OS X 10_9_3) AppleWebKit/537.36 (KHTML, like Gecko) Chrome/35.0.1916.114 Safari/537.36
31-05-2014 16:56:28 Message : L'étudiant est bien arrivé sur la page récapitulative.
******************************************************************************************
31-05-2014 16:56:29 Nom du répertoire : Dupont-Jean-1401548155
31-05-2014 16:56:29 Adresse IP : ::1
31-05-2014 16:56:29 Code formation : 5BIG
31-05-2014 16:56:29 Type dossier : Candidature
31-05-2014 16:56:29 Browser : Google Chrome 35.0.1916.114 on mac reports: 
Mozilla/5.0 (Macintosh; Intel Mac OS X 10_9_3) AppleWebKit/537.36 (KHTML, like Gecko) Chrome/35.0.1916.114 Safari/537.36
31-05-2014 16:56:29 Message : L'étudiant est bien arrivé sur la page récapitulative.
#########################################################################
31-05-2014 17:08:36 Adresse IP : ::1
31-05-2014 17:08:36 Browser : Google Chrome 35.0.1916.114 on mac reports: 
Mozilla/5.0 (Macintosh; Intel Mac OS X 10_9_3) AppleWebKit/537.36 (KHTML, like Gecko) Chrome/35.0.1916.114 Safari/537.36
31-05-2014 17:08:36 Message : traiterChoixMainFormulaire POST['choisie'] : 2 POST['derniere'] : 0
 Code formation : 5BIG
 idEtudiant : 1401548916
#########################################################################
31-05-2014 17:08:36 Adresse IP : ::1
31-05-2014 17:08:36 Browser : Google Chrome 35.0.1916.114 on mac reports: 
Mozilla/5.0 (Macintosh; Intel Mac OS X 10_9_3) AppleWebKit/537.36 (KHTML, like Gecko) Chrome/35.0.1916.114 Safari/537.36
31-05-2014 17:08:36 Message : <<< Case main >>>
Code formation : 5BIG
 isCandidature : candidature
#########################################################################
31-05-2014 17:08:39 Adresse IP : ::1
31-05-2014 17:08:39 Browser : Google Chrome 35.0.1916.114 on mac reports: 
Mozilla/5.0 (Macintosh; Intel Mac OS X 10_9_3) AppleWebKit/537.36 (KHTML, like Gecko) Chrome/35.0.1916.114 Safari/537.36
31-05-2014 17:08:39 Message : <<< Case main >>>
Code formation : 5BIG
 isCandidature : candidature
